<?xml version="1.0" encoding="UTF-8"?>
<!-- Generated by org.testng.reporters.JUnitXMLReporter -->
<testsuite ignored="0" hostname="IT-00300-CPU" failures="2" tests="80" name="SequentialTest0" time="478.478" errors="0" timestamp="2023-12-04T15:38:40 IST">
  <testcase classname="com.krystal.project.HolidaySettings" name="Launch" time="9.386"/>
  <testcase classname="com.krystal.project.HolidaySettings" name="ToverifyholidaysettingsLabel" time="0.384"/>
  <testcase classname="com.krystal.project.HolidaySettings" name="ToverifyholidayconfigurationLabel" time="0.456"/>
  <testcase classname="com.krystal.project.HolidaySettings" name="ToverifyaddfieldLabel" time="0.974"/>
  <testcase classname="com.krystal.project.HolidaySettings" name="HolidaynameLabel" time="0.463"/>
  <testcase classname="com.krystal.project.HolidaySettings" name="ToverifyenternameoftheholidayhereLabel" time="0.836"/>
  <testcase classname="com.krystal.project.HolidaySettings" name="ToverifyholidaytypeLabel" time="0.488"/>
  <testcase classname="com.krystal.project.HolidaySettings" name="ToverifyholidayNormal" time="0.496"/>
  <testcase classname="com.krystal.project.HolidaySettings" name="ToverifyselectdayLabel" time="0.521"/>
  <testcase classname="com.krystal.project.HolidaySettings" name="ToverifyweeklyLabel" time="2.929"/>
  <testcase classname="com.krystal.project.HolidaySettings" name="ToverifyselectdaydropdownLabel" time="0.584"/>
  <testcase classname="com.krystal.project.HolidaySettings" name="ToverifycolorLabel" time="0.576"/>
  <testcase classname="com.krystal.project.HolidaySettings" name="ToverifydescriptionLabel" time="0.554"/>
  <testcase classname="com.krystal.project.HolidaySettings" name="ToverifyentersomedescriptionabouttheholidayLabel" time="0.942"/>
  <testcase classname="com.krystal.project.HolidaySettings" name="ToverifyisconsecutiveyearlyLabel" time="0.607"/>
  <testcase classname="com.krystal.project.HolidaySettings" name="ToverifystartyearLabel" time="0.592"/>
  <testcase classname="com.krystal.project.HolidaySettings" name="ToverifyenterstartyearLabel" time="1.003"/>
  <testcase classname="com.krystal.project.HolidaySettings" name="ToverifyendyearLabel" time="0.628"/>
  <testcase classname="com.krystal.project.HolidaySettings" name="ToverifyenterendingyearLabel" time="1.053"/>
  <testcase classname="com.krystal.project.HolidaySettings" name="ToverifyaddLabel" time="1.07"/>
  <testcase classname="com.krystal.project.HolidaySettings" name="ToverifyresetLabel" time="1.034"/>
  <testcase classname="com.krystal.project.HolidaySettings" name="ToverifyholidaylistLabel" time="0.366"/>
  <testcase classname="com.krystal.project.HolidaySettings" name="ToverifysearchholidayLabel" time="0.693"/>
  <testcase classname="com.krystal.project.HolidaySettings" name="Toverifyholidayname" time="0.472"/>
  <testcase classname="com.krystal.project.HolidaySettings" name="ToverifydatedayLabel" time="1.149"/>
  <testcase classname="com.krystal.project.HolidaySettings" name="Toverifydescription" time="0.545"/>
  <testcase classname="com.krystal.project.HolidaySettings" name="Toverifyisconsecutiveyearlylabel" time="0.594"/>
  <testcase classname="com.krystal.project.HolidaySettings" name="Toverifyiscolorlabel" time="0.57"/>
  <testcase classname="com.krystal.project.HolidaySettings" name="Toverifyholidaytype" time="0.488"/>
  <testcase classname="com.krystal.project.HolidaySettings" name="Addbuttonclick" time="1.967"/>
  <testcase classname="com.krystal.project.HolidaySettings" name="ValidHolidayname" time="6.171"/>
  <testcase classname="com.krystal.project.HolidaySettings" name="Holidaynamealreadyexits" time="5.949"/>
  <testcase classname="com.krystal.project.HolidaySettings" name="HolidaynameValidtextcases" time="40.878"/>
  <testcase classname="com.krystal.project.HolidaySettings" name="databaseconnectionsavecheck" time="0.207">
    <failure type="java.lang.IndexOutOfBoundsException" message="Index 0 out of bounds for length 0">
      <![CDATA[java.lang.IndexOutOfBoundsException: Index 0 out of bounds for length 0
at java.base/jdk.internal.util.Preconditions.outOfBounds(Preconditions.java:64)
at java.base/jdk.internal.util.Preconditions.outOfBoundsCheckIndex(Preconditions.java:70)
at java.base/jdk.internal.util.Preconditions.checkIndex(Preconditions.java:248)
at java.base/java.util.Objects.checkIndex(Objects.java:372)
at java.base/java.util.ArrayList.get(ArrayList.java:459)
at com.krystal.project.HolidaySettings.Holidayconfig(HolidaySettings.java:1501)
at com.krystal.project.HolidaySettings.databaseconnectionsavecheck(HolidaySettings.java:412)
at java.base/java.util.ArrayList.forEach(ArrayList.java:1541)
... Removed 27 stack frames]]>
    </failure>
  </testcase> <!-- databaseconnectionsavecheck -->
  <testcase classname="com.krystal.project.HolidaySettings" name="FunHolidaynameinvalid" time="8.492"/>
  <testcase classname="com.krystal.project.HolidaySettings" name="HolidayanamelessthanRange" time="2.798"/>
  <testcase classname="com.krystal.project.HolidaySettings" name="Holidayanamespecialchar1" time="3.368"/>
  <testcase classname="com.krystal.project.HolidaySettings" name="Bydefaultnormal" time="0.984"/>
  <testcase classname="com.krystal.project.HolidaySettings" name="Weekly" time="2.518"/>
  <testcase classname="com.krystal.project.HolidaySettings" name="Normal" time="2.433"/>
  <testcase classname="com.krystal.project.HolidaySettings" name="Weeklysave" time="7.508"/>
  <testcase classname="com.krystal.project.HolidaySettings" name="Normalsave" time="8.793"/>
  <testcase classname="com.krystal.project.HolidaySettings" name="selectdate" time="7.632"/>
  <testcase classname="com.krystal.project.HolidaySettings" name="SelectRandomday" time="10.227"/>
  <testcase classname="com.krystal.project.HolidaySettings" name="PreviousandNextday" time="5.267"/>
  <testcase classname="com.krystal.project.HolidaySettings" name="Selectnextmonth" time="9.866"/>
  <testcase classname="com.krystal.project.HolidaySettings" name="SelectMonday" time="10.388"/>
  <testcase classname="com.krystal.project.HolidaySettings" name="SelectTuesday" time="9.647"/>
  <testcase classname="com.krystal.project.HolidaySettings" name="SelectWednesday" time="10.353"/>
  <testcase classname="com.krystal.project.HolidaySettings" name="SelectThursday" time="10.872"/>
  <testcase classname="com.krystal.project.HolidaySettings" name="SelectFriday" time="11.049"/>
  <testcase classname="com.krystal.project.HolidaySettings" name="SelectSaturday" time="10.409"/>
  <testcase classname="com.krystal.project.HolidaySettings" name="descriptionalpha" time="10.928"/>
  <testcase classname="com.krystal.project.HolidaySettings" name="descriptionnumbers" time="11.484">
    <failure type="org.openqa.selenium.NoSuchElementException" message="An element could not be located on the page using the given search parameters. (WARNING: The server did not provide any stacktrace information)
Command duration or timeout: 0 milliseconds
For documentation on this error, please visit: https://www.seleniumhq.org/exceptions/no_such_element.html
Build info: version: &amp;apos;3.141.59&amp;apos;, revision: &amp;apos;e82be7d358&amp;apos;, time: &amp;apos;2018-11-14T08:17:03&amp;apos;
System info: host: &amp;apos;IT-00300-CPU&amp;apos;, ip: &amp;apos;192.168.10.113&amp;apos;, os.name: &amp;apos;Windows 10&amp;apos;, os.arch: &amp;apos;amd64&amp;apos;, os.version: &amp;apos;10.0&amp;apos;, java.version: &amp;apos;11.0.20&amp;apos;
Driver info: io.appium.java_client.windows.WindowsDriver
Capabilities {app: C:\Program Files\Panacea Me..., javascriptEnabled: true, platform: WINDOWS, platformName: Windows}
Session ID: 509CA4C2-49A9-4E1D-93AD-B84560E8AC16
*** Element info: {Using=name, value=OK}">
      <![CDATA[org.openqa.selenium.NoSuchElementException: An element could not be located on the page using the given search parameters. (WARNING: The server did not provide any stacktrace information)
Command duration or timeout: 0 milliseconds
For documentation on this error, please visit: https://www.seleniumhq.org/exceptions/no_such_element.html
Build info: version: '3.141.59', revision: 'e82be7d358', time: '2018-11-14T08:17:03'
System info: host: 'IT-00300-CPU', ip: '192.168.10.113', os.name: 'Windows 10', os.arch: 'amd64', os.version: '10.0', java.version: '11.0.20'
Driver info: io.appium.java_client.windows.WindowsDriver
Capabilities {app: C:\Program Files\Panacea Me..., javascriptEnabled: true, platform: WINDOWS, platformName: Windows}
Session ID: 509CA4C2-49A9-4E1D-93AD-B84560E8AC16
*** Element info: {Using=name, value=OK}
at org.openqa.selenium.remote.ErrorHandler.createThrowable(ErrorHandler.java:214)
at org.openqa.selenium.remote.ErrorHandler.throwIfResponseFailed(ErrorHandler.java:166)
at org.openqa.selenium.remote.http.JsonHttpResponseCodec.reconstructValue(JsonHttpResponseCodec.java:40)
at org.openqa.selenium.remote.http.AbstractHttpResponseCodec.decode(AbstractHttpResponseCodec.java:80)
at org.openqa.selenium.remote.http.AbstractHttpResponseCodec.decode(AbstractHttpResponseCodec.java:44)
at org.openqa.selenium.remote.HttpCommandExecutor.execute(HttpCommandExecutor.java:158)
at io.appium.java_client.remote.AppiumCommandExecutor.execute(AppiumCommandExecutor.java:250)
at org.openqa.selenium.remote.RemoteWebDriver.execute(RemoteWebDriver.java:552)
at io.appium.java_client.DefaultGenericMobileDriver.execute(DefaultGenericMobileDriver.java:41)
at io.appium.java_client.AppiumDriver.execute(AppiumDriver.java:1)
at io.appium.java_client.windows.WindowsDriver.execute(WindowsDriver.java:1)
at org.openqa.selenium.remote.RemoteWebDriver.findElement(RemoteWebDriver.java:323)
at io.appium.java_client.DefaultGenericMobileDriver.findElement(DefaultGenericMobileDriver.java:61)
at io.appium.java_client.AppiumDriver.findElement(AppiumDriver.java:1)
at io.appium.java_client.windows.WindowsDriver.findElement(WindowsDriver.java:1)
at org.openqa.selenium.remote.RemoteWebDriver.findElementByName(RemoteWebDriver.java:404)
at io.appium.java_client.DefaultGenericMobileDriver.findElementByName(DefaultGenericMobileDriver.java:117)
at io.appium.java_client.AppiumDriver.findElementByName(AppiumDriver.java:1)
at io.appium.java_client.windows.WindowsDriver.findElementByName(WindowsDriver.java:1)
at org.openqa.selenium.By$ByName.findElement(By.java:284)
at org.openqa.selenium.remote.RemoteWebDriver.findElement(RemoteWebDriver.java:315)
at io.appium.java_client.DefaultGenericMobileDriver.findElement(DefaultGenericMobileDriver.java:57)
at io.appium.java_client.AppiumDriver.findElement(AppiumDriver.java:1)
at io.appium.java_client.windows.WindowsDriver.findElement(WindowsDriver.java:1)
at com.krystal.project.ReferencefileChemotheraphy.Sitesave1(ReferencefileChemotheraphy.java:720)
at com.krystal.project.HolidaySettings.Holidayadd(HolidaySettings.java:1450)
at com.krystal.project.HolidaySettings.descriptionnumbers(HolidaySettings.java:764)
at java.base/java.util.ArrayList.forEach(ArrayList.java:1541)
... Removed 31 stack frames]]>
    </failure>
  </testcase> <!-- descriptionnumbers -->
  <testcase classname="com.krystal.project.HolidaySettings" name="Holidayanamespecialchar" time="3.487"/>
  <testcase classname="com.krystal.project.HolidaySettings" name="isconsectiveEnable" time="4.917"/>
  <testcase classname="com.krystal.project.HolidaySettings" name="isdisableconsecutive" time="2.504"/>
  <testcase classname="com.krystal.project.HolidaySettings" name="isenableconsecutive" time="0.374"/>
  <testcase classname="com.krystal.project.HolidaySettings" name="consecutivetextboxenable" time="3.055"/>
  <testcase classname="com.krystal.project.HolidaySettings" name="Startyearinvaliddata" time="21.996"/>
  <testcase classname="com.krystal.project.HolidaySettings" name="Startvaliddata" time="1.901"/>
  <testcase classname="com.krystal.project.HolidaySettings" name="Endyearinvaliddata" time="23.027"/>
  <testcase classname="com.krystal.project.HolidaySettings" name="Endyearvalid" time="4.913"/>
  <testcase classname="com.krystal.project.HolidaySettings" name="reseticonname" time="5.486"/>
  <testcase classname="com.krystal.project.HolidaySettings" name="reseticonholidaytype" time="3.563"/>
  <testcase classname="com.krystal.project.HolidaySettings" name="reseticoncolor" time="10.378"/>
  <testcase classname="com.krystal.project.HolidaySettings" name="reseticondescription" time="6.054"/>
  <testcase classname="com.krystal.project.HolidaySettings" name="resetconsectuive" time="13.803"/>
  <testcase classname="com.krystal.project.HolidaySettings" name="Addiconname" time="9.721"/>
  <testcase classname="com.krystal.project.HolidaySettings" name="Addiconholidaytype" time="3.268"/>
  <testcase classname="com.krystal.project.HolidaySettings" name="Addiconcolor" time="10.792"/>
  <testcase classname="com.krystal.project.HolidaySettings" name="Addicondescription" time="5.961"/>
  <testcase classname="com.krystal.project.HolidaySettings" name="Addconsectuive" time="13.802"/>
  <testcase classname="com.krystal.project.HolidaySettings" name="Editenable" time="9.238"/>
  <testcase classname="com.krystal.project.HolidaySettings" name="EditHolidayok" time="9.872"/>
  <testcase classname="com.krystal.project.HolidaySettings" name="Deleteenable" time="13.848"/>
  <testcase classname="com.krystal.project.HolidaySettings" name="DeleteHolidayok" time="18.305"/>
  <testcase classname="com.krystal.project.HolidaySettings" name="deletedatanotdisplayed" time="4.912"/>
  <testcase classname="com.krystal.project.HolidaySettings" name="deleteddataenetred" time="5.559"/>
  <testcase classname="com.krystal.project.HolidaySettings" name="holidaysearch" time="13.932"/>
</testsuite> <!-- SequentialTest0 -->
